0 verbose cli /Users/scamposd/.nvm/versions/node/v22.17.0/bin/node /Users/scamposd/.nvm/versions/node/v22.17.0/lib/node_modules/npm/bin/npm-cli.js
1 info using npm@10.9.2
2 info using node@v22.17.0
3 silly config load:file:/Users/scamposd/.nvm/versions/node/v22.17.0/lib/node_modules/npm/npmrc
4 silly config load:file:/Users/scamposd/Desktop/PropAnalyzerAI/notbrokker-backend-api/.npmrc
5 silly config load:file:/Users/scamposd/.npmrc
6 silly config load:file:/Users/scamposd/.nvm/versions/node/v22.17.0/etc/npmrc
7 verbose title npm exec
8 verbose argv "exec" "--cache" "clear"
9 verbose logfile logs-max:10 dir:/Users/scamposd/Desktop/PropAnalyzerAI/notbrokker-backend-api/clear/_logs/2025-07-10T21_12_31_303Z-
10 verbose logfile /Users/scamposd/Desktop/PropAnalyzerAI/notbrokker-backend-api/clear/_logs/2025-07-10T21_12_31_303Z-debug-0.log
11 silly logfile done cleaning log files
12 http fetch GET 200 https://registry.npmjs.org/npm 194ms
13 verbose cwd /Users/scamposd/Desktop/PropAnalyzerAI/notbrokker-backend-api
14 verbose os Darwin 24.5.0
15 verbose node v22.17.0
16 verbose npm  v10.9.2
17 notice
17 notice New [31mmajor[39m version of npm available! [31m10.9.2[39m -> [34m11.4.2[39m
17 notice Changelog: [34mhttps://github.com/npm/cli/releases/tag/v11.4.2[39m
17 notice To update run: [4mnpm install -g npm@11.4.2[24m
17 notice  { force: true, [Symbol(proc-log.meta)]: true }
18 verbose exit 0
19 info ok
